<?xml version="1.0" encoding="UTF-8"?>
<testsuite name="hello.servlet.domain.member.MemberRepositoryTest" tests="2" skipped="0" failures="0" errors="0" timestamp="2025-01-26T07:49:52" hostname="Bomins-MacBook-Air.local" time="0.03">
  <properties/>
  <testcase name="findAll()" classname="hello.servlet.domain.member.MemberRepositoryTest" time="0.028"/>
  <testcase name="save()" classname="hello.servlet.domain.member.MemberRepositoryTest" time="0.001"/>
  <system-out><![CDATA[]]></system-out>
  <system-err><![CDATA[]]></system-err>
</testsuite>
