<?xml version="1.0" encoding="UTF-8"?>
<testsuite name="hello.servlet.domain.member.MemberRepositoryTest" tests="2" skipped="0" failures="0" errors="0" timestamp="2024-05-25T04:08:18" hostname="Bomins-MacBook-Air.local" time="0.028">
  <properties/>
  <testcase name="findAll()" classname="hello.servlet.domain.member.MemberRepositoryTest" time="0.026"/>
  <testcase name="save()" classname="hello.servlet.domain.member.MemberRepositoryTest" time="0.001"/>
  <system-out><![CDATA[]]></system-out>
  <system-err><![CDATA[]]></system-err>
</testsuite>
